  main.cpp
d:\program files\opencv\mybuild64\install\include\opencv2\core\mat.hpp(2585): warning C4819: 该文件包含不能在当前代码页(936)中表示的字符。请将该文件保存为 Unicode 格式以防止数据丢失
d:\program files\opencv\mybuild64\install\include\opencv2\core\persistence.hpp : warning C4819: 该文件包含不能在当前代码页(936)中表示的字符。请将该文件保存为 Unicode 格式以防止数据丢失
d:\program files\opencv\mybuild64\install\include\opencv2\core\utility.hpp : warning C4819: 该文件包含不能在当前代码页(936)中表示的字符。请将该文件保存为 Unicode 格式以防止数据丢失
d:\program files\opencv\mybuild64\install\include\opencv2\core\utility.hpp : warning C4819: 该文件包含不能在当前代码页(936)中表示的字符。请将该文件保存为 Unicode 格式以防止数据丢失
d:\program files\opencv\mybuild64\install\include\opencv2\imgproc.hpp(591): warning C4819: 该文件包含不能在当前代码页(936)中表示的字符。请将该文件保存为 Unicode 格式以防止数据丢失
d:\program files\nlopt-2.4.2-dll64\nlopt.hpp(414): warning C4267: “参数”: 从“size_t”转换到“unsigned int”，可能丢失数据
d:\program files\nlopt-2.4.2-dll64\nlopt.hpp(443): warning C4267: “参数”: 从“size_t”转换到“unsigned int”，可能丢失数据
d:\program files\nlopt-2.4.2-dll64\nlopt.hpp(473): warning C4267: “参数”: 从“size_t”转换到“unsigned int”，可能丢失数据
d:\program files\nlopt-2.4.2-dll64\nlopt.hpp(483): warning C4267: “参数”: 从“size_t”转换到“unsigned int”，可能丢失数据
  image.cpp
d:\program files\opencv\mybuild64\install\include\opencv2\core\mat.hpp(2585): warning C4819: 该文件包含不能在当前代码页(936)中表示的字符。请将该文件保存为 Unicode 格式以防止数据丢失
d:\program files\opencv\mybuild64\install\include\opencv2\core\persistence.hpp : warning C4819: 该文件包含不能在当前代码页(936)中表示的字符。请将该文件保存为 Unicode 格式以防止数据丢失
d:\program files\opencv\mybuild64\install\include\opencv2\core\utility.hpp : warning C4819: 该文件包含不能在当前代码页(936)中表示的字符。请将该文件保存为 Unicode 格式以防止数据丢失
d:\program files\opencv\mybuild64\install\include\opencv2\core\utility.hpp : warning C4819: 该文件包含不能在当前代码页(936)中表示的字符。请将该文件保存为 Unicode 格式以防止数据丢失
d:\program files\opencv\mybuild64\install\include\opencv2\imgproc.hpp(591): warning C4819: 该文件包含不能在当前代码页(936)中表示的字符。请将该文件保存为 Unicode 格式以防止数据丢失
d:\opencvworkplace\pmvs\src\image.cpp(19): warning C4244: “参数”: 从“double”转换到“const unsigned __int64”，可能丢失数据
d:\opencvworkplace\pmvs\src\image.cpp(20): warning C4244: “参数”: 从“double”转换到“const unsigned __int64”，可能丢失数据
d:\opencvworkplace\pmvs\src\image.cpp(93): warning C4244: “参数”: 从“double”转换到“float”，可能丢失数据
  PMVS.cpp
d:\program files\opencv\mybuild64\install\include\opencv2\core\mat.hpp(2585): warning C4819: 该文件包含不能在当前代码页(936)中表示的字符。请将该文件保存为 Unicode 格式以防止数据丢失
d:\program files\opencv\mybuild64\install\include\opencv2\core\persistence.hpp : warning C4819: 该文件包含不能在当前代码页(936)中表示的字符。请将该文件保存为 Unicode 格式以防止数据丢失
d:\program files\opencv\mybuild64\install\include\opencv2\core\utility.hpp : warning C4819: 该文件包含不能在当前代码页(936)中表示的字符。请将该文件保存为 Unicode 格式以防止数据丢失
d:\program files\opencv\mybuild64\install\include\opencv2\core\utility.hpp : warning C4819: 该文件包含不能在当前代码页(936)中表示的字符。请将该文件保存为 Unicode 格式以防止数据丢失
d:\program files\opencv\mybuild64\install\include\opencv2\imgproc.hpp(591): warning C4819: 该文件包含不能在当前代码页(936)中表示的字符。请将该文件保存为 Unicode 格式以防止数据丢失
d:\program files\nlopt-2.4.2-dll64\nlopt.hpp(414): warning C4267: “参数”: 从“size_t”转换到“unsigned int”，可能丢失数据
d:\program files\nlopt-2.4.2-dll64\nlopt.hpp(443): warning C4267: “参数”: 从“size_t”转换到“unsigned int”，可能丢失数据
d:\program files\nlopt-2.4.2-dll64\nlopt.hpp(473): warning C4267: “参数”: 从“size_t”转换到“unsigned int”，可能丢失数据
d:\program files\nlopt-2.4.2-dll64\nlopt.hpp(483): warning C4267: “参数”: 从“size_t”转换到“unsigned int”，可能丢失数据
d:\opencvworkplace\pmvs\src\pmvs.cpp(40): warning C4267: “参数”: 从“size_t”转换到“int”，可能丢失数据
d:\opencvworkplace\pmvs\src\pmvs.cpp(116): warning C4244: “初始化”: 从“double”转换到“float”，可能丢失数据
d:\opencvworkplace\pmvs\src\pmvs.cpp(117): warning C4244: “初始化”: 从“double”转换到“float”，可能丢失数据
d:\opencvworkplace\pmvs\src\pmvs.cpp(118): warning C4244: “-=”: 从“double”转换到“float”，可能丢失数据
d:\opencvworkplace\pmvs\src\pmvs.cpp(119): warning C4244: “-=”: 从“double”转换到“float”，可能丢失数据
  正在生成代码...
  正在跳过...(未检测到相关更改)
  patch.cpp
  feature.cpp
  VS.vcxproj -> D:\OpenCVWorkPlace\PMVS\VS\x64\Debug\VS.exe
